<?xml version="1.0" encoding="UTF-8"?>
<!-- Generated by org.testng.reporters.JUnitReportReporter -->
<testsuite hostname="UK-C02XG2ELJHD4" failures="0" tests="1" name="class_1.Test1" time="9.422" errors="0" timestamp="2019-09-07T14:22:27 BST" skipped="0">
  <testcase classname="class_1.Test1" name="login" time="9.422"/>
</testsuite> <!-- class_1.Test1 -->
