<?xml version="1.0" encoding="UTF-8"?>
<!-- Generated by org.testng.reporters.JUnitReportReporter -->
<testsuite hostname="UK-C02XG2ELJHD4" failures="0" tests="1" name="class_1.LoginTests" time="1.868" errors="0" timestamp="2019-09-07T14:56:11 BST" skipped="0">
  <testcase classname="class_1.LoginTests" name="logintest1" time="1.868"/>
</testsuite> <!-- class_1.LoginTests -->
